<?xml version="1.0" encoding="UTF-8"?>
<!-- Generated by org.testng.reporters.JUnitXMLReporter -->
<testsuite hostname="JYOTIRMOY" name="Test" tests="2" failures="1" timestamp="23 Jul 2017 06:04:52 GMT" time="30.609" errors="0">
  <testcase name="addToCart" time="6.569" classname="com.selenium.tests.HomePageTest"/>
  <testcase name="testHomePageTitle" time="0.057" classname="com.selenium.tests.HomePageTest">
    <failure type="java.lang.AssertionError" message="Home page title does not match expected [true] but found [false]">
      <![CDATA[java.lang.AssertionError: Home page title does not match expected [true] but found [false]
	at com.selenium.tests.HomePageTest.testHomePageTitle(HomePageTest.java:27)
... Removed 27 stack frames]]>
    </failure>
  </testcase> <!-- testHomePageTitle -->
</testsuite> <!-- Test -->
